TN:
SF:/home/krul/Documents/tp-c-2iz/src/menu/menu.c
FN:19,get_char
FNDA:0,get_char
FN:30,get_string
FNDA:0,get_string
FN:65,menu_max_len
FNDA:28,menu_max_len
FN:92,menu
FNDA:0,menu
FNF:4
FNH:1
DA:19,0
DA:20,0
DA:21,0
DA:24,0
DA:25,0
DA:27,0
DA:30,0
DA:36,0
DA:38,0
DA:40,0
DA:41,0
DA:42,0
DA:43,0
DA:44,0
DA:45,0
DA:46,0
DA:48,0
DA:50,0
DA:51,0
DA:52,0
DA:54,0
DA:55,0
DA:57,0
DA:58,0
DA:59,0
DA:62,0
DA:65,28
DA:66,28
DA:68,28
DA:70,28
DA:71,14
DA:73,14
DA:75,28
DA:77,28
DA:79,28
DA:80,0
DA:81,0
DA:83,28
DA:85,28
DA:86,28
DA:87,28
DA:88,28
DA:89,28
DA:92,0
DA:93,0
DA:97,0
DA:98,0
DA:99,0
DA:100,0
DA:101,0
DA:102,0
DA:105,0
DA:107,0
DA:109,0
DA:112,0
DA:114,0
DA:116,0
DA:119,0
DA:120,0
DA:121,0
DA:125,0
DA:128,0
DA:130,0
LF:63
LH:15
end_of_record
TN:
SF:/home/krul/Documents/tp-c-2iz/src/no_procs/no_procs.c
FN:8,create_array
FNDA:34,create_array
FN:14,open_file
FNDA:35,open_file
FN:27,close_file
FNDA:35,close_file
FN:36,fill_array
FNDA:34,fill_array
FN:72,create_matrix
FNDA:33,create_matrix
FN:96,find_max_word
FNDA:15,find_max_word
FN:118,print_array
FNDA:0,print_array
FN:124,find_max_word_no_procs
FNDA:14,find_max_word_no_procs
FNF:8
FNH:7
DA:8,34
DA:9,34
DA:10,34
DA:11,34
DA:14,35
DA:16,35
DA:18,35
DA:19,35
DA:22,0
DA:23,0
DA:27,35
DA:28,35
DA:29,35
DA:32,0
DA:36,34
DA:38,34
DA:40,34
DA:42,34
DA:43,0
DA:46,34
DA:48,27124
DA:50,27124
DA:52,27124
DA:53,27090
DA:54,27090
DA:55,27090
DA:58,34
DA:63,34
DA:65,34
DA:66,0
DA:69,34
DA:72,33
DA:74,33
DA:75,33
DA:77,27118
DA:78,27085
DA:81,4785789
DA:82,4785756
DA:83,27085
DA:84,27085
DA:85,27085
DA:86,27085
DA:89,4758671
DA:93,33
DA:96,15
DA:98,15
DA:99,15
DA:101,13550
DA:102,13535
DA:103,91
DA:104,91
DA:105,91
DA:106,91
DA:110,15
DA:111,0
DA:112,0
DA:115,15
DA:118,0
DA:119,0
DA:120,0
DA:121,0
DA:124,14
DA:126,14
DA:127,14
DA:128,14
DA:129,14
DA:131,14
DA:134,13544
DA:135,13530
DA:136,13530
DA:138,14
DA:139,14
DA:141,14
LF:73
LH:62
end_of_record
TN:
SF:/home/krul/Documents/tp-c-2iz/src/with_procs/with_procs.c
FN:20,find_max_word_procs
FNDA:17,find_max_word_procs
FNF:1
FNH:1
DA:20,17
DA:24,17
DA:25,17
DA:26,17
DA:28,17
DA:30,17
DA:31,17
DA:32,17
DA:34,17
DA:35,0
DA:36,0
DA:39,53
DA:40,36
DA:42,72
DA:43,36
DA:46,36
DA:48,36
DA:49,0
DA:50,0
DA:53,36
DA:55,36
DA:56,6793
DA:57,6776
DA:58,66
DA:59,66
DA:60,49
DA:61,66
DA:62,66
DA:67,6788
DA:68,6769
DA:69,77
DA:70,77
DA:71,58
DA:72,77
DA:73,77
DA:79,36
DA:80,0
DA:81,0
DA:84,36
DA:85,36
DA:87,36
DA:88,0
DA:89,0
DA:92,36
DA:94,36
DA:97,53
DA:98,36
DA:99,0
DA:100,0
DA:101,0
DA:105,17
DA:106,17
DA:108,53
DA:111,36
DA:112,0
DA:113,0
DA:114,0
DA:117,36
DA:118,0
DA:119,0
DA:122,36
DA:123,23
DA:124,23
DA:126,23
DA:127,0
DA:128,0
DA:131,23
DA:132,23
DA:136,17
DA:137,17
DA:139,13562
DA:140,13545
DA:141,13545
DA:143,17
DA:144,17
DA:146,17
LF:76
LH:58
end_of_record
